23:46:55.735	Cloning repository...
23:46:56.420	From https://github.com/gkstn15234/qqq
23:46:56.421	 * branch            6f12055a4899280e6779919a17b3faf9382e982a -> FETCH_HEAD
23:46:56.421	
23:46:56.456	HEAD is now at 6f12055 Cloudflare Pages 날짜 표시 문제 해결
23:46:56.457	
23:46:56.536	
23:46:56.537	Using v2 root directory strategy
23:46:56.556	Success: Finished cloning repository files
23:46:58.232	Checking for configuration in a Wrangler configuration file (BETA)
23:46:58.233	
23:46:59.335	No wrangler.toml file found. Continuing.
23:46:59.402	Detected the following tools from environment: pip@25.1.1, python@3.13.3
23:46:59.403	Installing project dependencies: pip install -r requirements.txt
23:47:00.639	Collecting feedparser==6.0.10 (from -r requirements.txt (line 1))
23:47:00.677	  Downloading feedparser-6.0.10-py3-none-any.whl.metadata (2.3 kB)
23:47:00.718	Collecting requests==2.31.0 (from -r requirements.txt (line 2))
23:47:00.728	  Downloading requests-2.31.0-py3-none-any.whl.metadata (4.6 kB)
23:47:00.778	Collecting pytz==2023.3 (from -r requirements.txt (line 3))
23:47:00.787	  Downloading pytz-2023.3-py2.py3-none-any.whl.metadata (22 kB)
23:47:00.815	Collecting beautifulsoup4==4.12.2 (from -r requirements.txt (line 4))
23:47:00.824	  Downloading beautifulsoup4-4.12.2-py3-none-any.whl.metadata (3.6 kB)
23:47:00.895	Collecting openai>=1.55.3 (from -r requirements.txt (line 5))
23:47:00.905	  Downloading openai-1.99.6-py3-none-any.whl.metadata (29 kB)
23:47:00.940	Collecting httpx<0.28.0 (from -r requirements.txt (line 6))
23:47:00.949	  Downloading httpx-0.27.2-py3-none-any.whl.metadata (7.1 kB)
23:47:00.971	Collecting unidecode==1.3.7 (from -r requirements.txt (line 7))
23:47:00.982	  Downloading Unidecode-1.3.7-py3-none-any.whl.metadata (13 kB)
23:47:01.000	Collecting python-frontmatter==1.1.0 (from -r requirements.txt (line 8))
23:47:01.013	  Downloading python_frontmatter-1.1.0-py3-none-any.whl.metadata (4.1 kB)
23:47:01.029	Collecting sgmllib3k (from feedparser==6.0.10->-r requirements.txt (line 1))
23:47:01.038	  Downloading sgmllib3k-1.0.0.tar.gz (5.8 kB)
23:47:01.044	  Installing build dependencies: started
23:47:02.213	  Installing build dependencies: finished with status 'done'
23:47:02.213	  Getting requirements to build wheel: started
23:47:02.615	  Getting requirements to build wheel: finished with status 'done'
23:47:02.617	  Preparing metadata (pyproject.toml): started
23:47:02.837	  Preparing metadata (pyproject.toml): finished with status 'done'
23:47:02.938	Collecting charset-normalizer<4,>=2 (from requests==2.31.0->-r requirements.txt (line 2))
23:47:02.948	  Downloading charset_normalizer-3.4.3-cp313-cp313-manylinux2014_x86_64.manylinux_2_17_x86_64.manylinux_2_28_x86_64.whl.metadata (36 kB)
23:47:02.972	Collecting idna<4,>=2.5 (from requests==2.31.0->-r requirements.txt (line 2))
23:47:02.975	  Using cached idna-3.10-py3-none-any.whl.metadata (10 kB)
23:47:03.014	Collecting urllib3<3,>=1.21.1 (from requests==2.31.0->-r requirements.txt (line 2))
23:47:03.024	  Downloading urllib3-2.5.0-py3-none-any.whl.metadata (6.5 kB)
23:47:03.056	Collecting certifi>=2017.4.17 (from requests==2.31.0->-r requirements.txt (line 2))
23:47:03.065	  Downloading certifi-2025.8.3-py3-none-any.whl.metadata (2.4 kB)
23:47:03.089	Collecting soupsieve>1.2 (from beautifulsoup4==4.12.2->-r requirements.txt (line 4))
23:47:03.099	  Downloading soupsieve-2.7-py3-none-any.whl.metadata (4.6 kB)
23:47:03.142	Collecting PyYAML (from python-frontmatter==1.1.0->-r requirements.txt (line 8))
23:47:03.151	  Downloading PyYAML-6.0.2-cp313-cp313-manylinux_2_17_x86_64.manylinux2014_x86_64.whl.metadata (2.1 kB)
23:47:03.180	Collecting anyio (from httpx<0.28.0->-r requirements.txt (line 6))
23:47:03.190	  Downloading anyio-4.10.0-py3-none-any.whl.metadata (4.0 kB)
23:47:03.219	Collecting httpcore==1.* (from httpx<0.28.0->-r requirements.txt (line 6))
23:47:03.223	  Using cached httpcore-1.0.9-py3-none-any.whl.metadata (21 kB)
23:47:03.241	Collecting sniffio (from httpx<0.28.0->-r requirements.txt (line 6))
23:47:03.244	  Using cached sniffio-1.3.1-py3-none-any.whl.metadata (3.9 kB)
23:47:03.263	Collecting h11>=0.16 (from httpcore==1.*->httpx<0.28.0->-r requirements.txt (line 6))
23:47:03.265	  Using cached h11-0.16.0-py3-none-any.whl.metadata (8.3 kB)
23:47:03.292	Collecting distro<2,>=1.7.0 (from openai>=1.55.3->-r requirements.txt (line 5))
23:47:03.301	  Downloading distro-1.9.0-py3-none-any.whl.metadata (6.8 kB)
23:47:03.376	Collecting jiter<1,>=0.4.0 (from openai>=1.55.3->-r requirements.txt (line 5))
23:47:03.386	  Downloading jiter-0.10.0-cp313-cp313-manylinux_2_17_x86_64.manylinux2014_x86_64.whl.metadata (5.2 kB)
23:47:03.522	Collecting pydantic<3,>=1.9.0 (from openai>=1.55.3->-r requirements.txt (line 5))
23:47:03.532	  Downloading pydantic-2.11.7-py3-none-any.whl.metadata (67 kB)
23:47:03.584	Collecting tqdm>4 (from openai>=1.55.3->-r requirements.txt (line 5))
23:47:03.596	  Downloading tqdm-4.67.1-py3-none-any.whl.metadata (57 kB)
23:47:03.628	Collecting typing-extensions<5,>=4.11 (from openai>=1.55.3->-r requirements.txt (line 5))
23:47:03.637	  Downloading typing_extensions-4.14.1-py3-none-any.whl.metadata (3.0 kB)
23:47:03.664	Collecting annotated-types>=0.6.0 (from pydantic<3,>=1.9.0->openai>=1.55.3->-r requirements.txt (line 5))
23:47:03.673	  Downloading annotated_types-0.7.0-py3-none-any.whl.metadata (15 kB)
23:47:04.388	Collecting pydantic-core==2.33.2 (from pydantic<3,>=1.9.0->openai>=1.55.3->-r requirements.txt (line 5))
23:47:04.398	  Downloading pydantic_core-2.33.2-cp313-cp313-manylinux_2_17_x86_64.manylinux2014_x86_64.whl.metadata (6.8 kB)
23:47:04.418	Collecting typing-inspection>=0.4.0 (from pydantic<3,>=1.9.0->openai>=1.55.3->-r requirements.txt (line 5))
23:47:04.427	  Downloading typing_inspection-0.4.1-py3-none-any.whl.metadata (2.6 kB)
23:47:04.458	Downloading feedparser-6.0.10-py3-none-any.whl (81 kB)
23:47:04.469	Downloading requests-2.31.0-py3-none-any.whl (62 kB)
23:47:04.479	Downloading pytz-2023.3-py2.py3-none-any.whl (502 kB)
23:47:04.499	Downloading beautifulsoup4-4.12.2-py3-none-any.whl (142 kB)
23:47:04.511	Downloading Unidecode-1.3.7-py3-none-any.whl (235 kB)
23:47:04.521	Downloading python_frontmatter-1.1.0-py3-none-any.whl (9.8 kB)
23:47:04.531	Downloading httpx-0.27.2-py3-none-any.whl (76 kB)
23:47:04.543	Downloading charset_normalizer-3.4.3-cp313-cp313-manylinux2014_x86_64.manylinux_2_17_x86_64.manylinux_2_28_x86_64.whl (151 kB)
23:47:04.548	Using cached httpcore-1.0.9-py3-none-any.whl (78 kB)
23:47:04.551	Using cached idna-3.10-py3-none-any.whl (70 kB)
23:47:04.560	Downloading urllib3-2.5.0-py3-none-any.whl (129 kB)
23:47:04.571	Downloading openai-1.99.6-py3-none-any.whl (786 kB)
23:47:04.582	   ━━━━━━━━━━━━━━━━━━━━━━━━━━━━━━━━━━━━━━━━ 786.3/786.3 kB 76.3 MB/s eta 0:00:00
23:47:04.591	Downloading anyio-4.10.0-py3-none-any.whl (107 kB)
23:47:04.602	Downloading distro-1.9.0-py3-none-any.whl (20 kB)
23:47:04.613	Downloading jiter-0.10.0-cp313-cp313-manylinux_2_17_x86_64.manylinux2014_x86_64.whl (350 kB)
23:47:04.625	Downloading pydantic-2.11.7-py3-none-any.whl (444 kB)
23:47:04.636	Downloading pydantic_core-2.33.2-cp313-cp313-manylinux_2_17_x86_64.manylinux2014_x86_64.whl (2.0 MB)
23:47:04.649	   ━━━━━━━━━━━━━━━━━━━━━━━━━━━━━━━━━━━━━━━━ 2.0/2.0 MB 182.0 MB/s eta 0:00:00
23:47:04.659	Downloading typing_extensions-4.14.1-py3-none-any.whl (43 kB)
23:47:04.670	Downloading annotated_types-0.7.0-py3-none-any.whl (13 kB)
23:47:04.681	Downloading certifi-2025.8.3-py3-none-any.whl (161 kB)
23:47:04.685	Using cached h11-0.16.0-py3-none-any.whl (37 kB)
23:47:04.688	Using cached sniffio-1.3.1-py3-none-any.whl (10 kB)
23:47:04.696	Downloading soupsieve-2.7-py3-none-any.whl (36 kB)
23:47:04.707	Downloading tqdm-4.67.1-py3-none-any.whl (78 kB)
23:47:04.717	Downloading typing_inspection-0.4.1-py3-none-any.whl (14 kB)
23:47:04.728	Downloading PyYAML-6.0.2-cp313-cp313-manylinux_2_17_x86_64.manylinux2014_x86_64.whl (759 kB)
23:47:04.733	   ━━━━━━━━━━━━━━━━━━━━━━━━━━━━━━━━━━━━━━━ 759.5/759.5 kB 211.6 MB/s eta 0:00:00
23:47:04.775	Building wheels for collected packages: sgmllib3k
23:47:04.776	  Building wheel for sgmllib3k (pyproject.toml): started
23:47:05.032	  Building wheel for sgmllib3k (pyproject.toml): finished with status 'done'
23:47:05.036	  Created wheel for sgmllib3k: filename=sgmllib3k-1.0.0-py3-none-any.whl size=6089 sha256=07f594b87ba1ddf17df04d94cbe494fa87cf604b614b3f0992fef1f367c5e7e8
23:47:05.036	  Stored in directory: /opt/buildhome/.cache/pip/wheels/3d/4d/ef/37cdccc18d6fd7e0dd7817dcdf9146d4d6789c32a227a28134
23:47:05.039	Successfully built sgmllib3k
23:47:05.104	Installing collected packages: sgmllib3k, pytz, urllib3, unidecode, typing-extensions, tqdm, soupsieve, sniffio, PyYAML, jiter, idna, h11, feedparser, distro, charset-normalizer, certifi, annotated-types, typing-inspection, requests, python-frontmatter, pydantic-core, httpcore, beautifulsoup4, anyio, pydantic, httpx, openai
23:47:07.496	
23:47:07.501	Successfully installed PyYAML-6.0.2 annotated-types-0.7.0 anyio-4.10.0 beautifulsoup4-4.12.2 certifi-2025.8.3 charset-normalizer-3.4.3 distro-1.9.0 feedparser-6.0.10 h11-0.16.0 httpcore-1.0.9 httpx-0.27.2 idna-3.10 jiter-0.10.0 openai-1.99.6 pydantic-2.11.7 pydantic-core-2.33.2 python-frontmatter-1.1.0 pytz-2023.3 requests-2.31.0 sgmllib3k-1.0.0 sniffio-1.3.1 soupsieve-2.7 tqdm-4.67.1 typing-extensions-4.14.1 typing-inspection-0.4.1 unidecode-1.3.7 urllib3-2.5.0
23:47:07.592	
23:47:07.592	[notice] A new release of pip is available: 25.1.1 -> 25.2
23:47:07.593	[notice] To update, run: pip3 install --upgrade pip
23:47:07.776	Reshimming asdf python...
23:47:12.248	Executing user command: hugo
23:47:12.612	Start building sites … 
23:47:12.613	hugo v0.147.7-189453612e4bedc4f27495a7b1145321c8d89807+extended linux/amd64 BuildDate=2025-05-31T12:41:12Z VendorInfo=gohugoio
23:47:12.613	
23:47:12.910	Total in 303 ms
23:47:12.911	Error: error building site: render: failed to render pages: render of "/automotive" failed: "/opt/buildhome/repo/layouts/_default/list.html:42:49": execute of template failed: template: list.html:42:49: executing "main" at <time>: can't evaluate field LoadLocation in type interface {}
23:47:12.914	ERROR render of "/categories/automotive" failed: "/opt/buildhome/repo/layouts/_default/list.html:42:49": execute of template failed: template: list.html:42:49: executing "main" at <time>: can't evaluate field LoadLocation in type interface {}
23:47:12.914	ERROR render of "/tags/2025-레드-닷-어워드" failed: "/opt/buildhome/repo/layouts/_default/list.html:42:49": execute of template failed: template: list.html:42:49: executing "main" at <time>: can't evaluate field LoadLocation in type interface {}
23:47:12.914	ERROR render of "/tags/a-클래스" failed: "/opt/buildhome/repo/layouts/_default/list.html:42:49": execute of template failed: template: list.html:42:49: executing "main" at <time>: can't evaluate field LoadLocation in type interface {}
23:47:12.914	ERROR render of "/tags/a6-55-tfsi-콰트로" failed: "/opt/buildhome/repo/layouts/_default/list.html:42:49": execute of template failed: template: list.html:42:49: executing "main" at <time>: can't evaluate field LoadLocation in type interface {}
23:47:12.919	Failed: Error while executing user command. Exited with error code: 1
23:47:12.930	Failed: build command exited with code: 1
23:47:14.219	Failed: error occurred while running build command